0 info it worked if it ends with ok
1 verbose cli [ '/usr/bin/node',
1 verbose cli   '/usr/bin/npm',
1 verbose cli   'run',
1 verbose cli   'deploy',
1 verbose cli   '---',
1 verbose cli   '-m',
1 verbose cli   'local' ]
2 info using npm@3.5.2
3 info using node@v8.10.0
4 verbose run-script [ 'predeploy', 'deploy', 'postdeploy' ]
5 info lifecycle gzweb@1.3.0~predeploy: gzweb@1.3.0
6 silly lifecycle gzweb@1.3.0~predeploy: no script for predeploy, continuing
7 info lifecycle gzweb@1.3.0~deploy: gzweb@1.3.0
8 verbose lifecycle gzweb@1.3.0~deploy: unsafe-perm in lifecycle true
9 verbose lifecycle gzweb@1.3.0~deploy: PATH: /usr/share/npm/bin/node-gyp-bin:/home/parallels/Documents/FEUP/ROBO/Ass34/gzweb/node_modules/.bin:/opt/ros/melodic/bin:/usr/local/sbin:/usr/local/bin:/usr/sbin:/usr/bin:/sbin:/bin:/usr/games:/usr/local/games:/snap/bin
10 verbose lifecycle gzweb@1.3.0~deploy: CWD: /home/parallels/Documents/FEUP/ROBO/Ass34/gzweb
11 silly lifecycle gzweb@1.3.0~deploy: Args: [ '-c', './deploy.sh "-m" "local"' ]
12 silly lifecycle gzweb@1.3.0~deploy: Returned: code: 1  signal: null
13 info lifecycle gzweb@1.3.0~deploy: Failed to exec deploy script
14 verbose stack Error: gzweb@1.3.0 deploy: `./deploy.sh "-m" "local"`
14 verbose stack Exit status 1
14 verbose stack     at EventEmitter.<anonymous> (/usr/share/npm/lib/utils/lifecycle.js:232:16)
14 verbose stack     at emitTwo (events.js:126:13)
14 verbose stack     at EventEmitter.emit (events.js:214:7)
14 verbose stack     at ChildProcess.<anonymous> (/usr/share/npm/lib/utils/spawn.js:24:14)
14 verbose stack     at emitTwo (events.js:126:13)
14 verbose stack     at ChildProcess.emit (events.js:214:7)
14 verbose stack     at maybeClose (internal/child_process.js:925:16)
14 verbose stack     at Process.ChildProcess._handle.onexit (internal/child_process.js:209:5)
15 verbose pkgid gzweb@1.3.0
16 verbose cwd /home/parallels/Documents/FEUP/ROBO/Ass34/gzweb
17 error Linux 4.15.0-70-generic
18 error argv "/usr/bin/node" "/usr/bin/npm" "run" "deploy" "---" "-m" "local"
19 error node v8.10.0
20 error npm  v3.5.2
21 error code ELIFECYCLE
22 error gzweb@1.3.0 deploy: `./deploy.sh "-m" "local"`
22 error Exit status 1
23 error Failed at the gzweb@1.3.0 deploy script './deploy.sh "-m" "local"'.
23 error Make sure you have the latest version of node.js and npm installed.
23 error If you do, this is most likely a problem with the gzweb package,
23 error not with npm itself.
23 error Tell the author that this fails on your system:
23 error     ./deploy.sh "-m" "local"
23 error You can get information on how to open an issue for this project with:
23 error     npm bugs gzweb
23 error Or if that isn't available, you can get their info via:
23 error     npm owner ls gzweb
23 error There is likely additional logging output above.
24 verbose exit [ 1, true ]
