Determining if the pthread_create exist failed with the following output:
Change Dir: /home/parallels/Documents/FEUP/ROBO/Ass34/build/CMakeFiles/CMakeTmp

Run Build Command:"/usr/bin/make" "cmTC_17f1c/fast"
/usr/bin/make -f CMakeFiles/cmTC_17f1c.dir/build.make CMakeFiles/cmTC_17f1c.dir/build
make[1]: Entering directory '/home/parallels/Documents/FEUP/ROBO/Ass34/build/CMakeFiles/CMakeTmp'
Building C object CMakeFiles/cmTC_17f1c.dir/CheckSymbolExists.c.o
/usr/bin/cc    -o CMakeFiles/cmTC_17f1c.dir/CheckSymbolExists.c.o   -c /home/parallels/Documents/FEUP/ROBO/Ass34/build/CMakeFiles/CMakeTmp/CheckSymbolExists.c
Linking C executable cmTC_17f1c
/usr/bin/cmake -E cmake_link_script CMakeFiles/cmTC_17f1c.dir/link.txt --verbose=1
/usr/bin/cc      -rdynamic CMakeFiles/cmTC_17f1c.dir/CheckSymbolExists.c.o  -o cmTC_17f1c 
CMakeFiles/cmTC_17f1c.dir/CheckSymbolExists.c.o: In function `main':
CheckSymbolExists.c:(.text+0x1b): undefined reference to `pthread_create'
collect2: error: ld returned 1 exit status
CMakeFiles/cmTC_17f1c.dir/build.make:97: recipe for target 'cmTC_17f1c' failed
make[1]: *** [cmTC_17f1c] Error 1
make[1]: Leaving directory '/home/parallels/Documents/FEUP/ROBO/Ass34/build/CMakeFiles/CMakeTmp'
Makefile:126: recipe for target 'cmTC_17f1c/fast' failed
make: *** [cmTC_17f1c/fast] Error 2

File /home/parallels/Documents/FEUP/ROBO/Ass34/build/CMakeFiles/CMakeTmp/CheckSymbolExists.c:
/* */
#include <pthread.h>

int main(int argc, char** argv)
{
  (void)argv;
#ifndef pthread_create
  return ((int*)(&pthread_create))[argc];
#else
  (void)argc;
  return 0;
#endif
}

Determining if the function pthread_create exists in the pthreads failed with the following output:
Change Dir: /home/parallels/Documents/FEUP/ROBO/Ass34/build/CMakeFiles/CMakeTmp

Run Build Command:"/usr/bin/make" "cmTC_b845e/fast"
/usr/bin/make -f CMakeFiles/cmTC_b845e.dir/build.make CMakeFiles/cmTC_b845e.dir/build
make[1]: Entering directory '/home/parallels/Documents/FEUP/ROBO/Ass34/build/CMakeFiles/CMakeTmp'
Building C object CMakeFiles/cmTC_b845e.dir/CheckFunctionExists.c.o
/usr/bin/cc   -DCHECK_FUNCTION_EXISTS=pthread_create   -o CMakeFiles/cmTC_b845e.dir/CheckFunctionExists.c.o   -c /usr/share/cmake-3.10/Modules/CheckFunctionExists.c
Linking C executable cmTC_b845e
/usr/bin/cmake -E cmake_link_script CMakeFiles/cmTC_b845e.dir/link.txt --verbose=1
/usr/bin/cc  -DCHECK_FUNCTION_EXISTS=pthread_create    -rdynamic CMakeFiles/cmTC_b845e.dir/CheckFunctionExists.c.o  -o cmTC_b845e -lpthreads 
/usr/bin/ld: cannot find -lpthreads
collect2: error: ld returned 1 exit status
CMakeFiles/cmTC_b845e.dir/build.make:97: recipe for target 'cmTC_b845e' failed
make[1]: *** [cmTC_b845e] Error 1
make[1]: Leaving directory '/home/parallels/Documents/FEUP/ROBO/Ass34/build/CMakeFiles/CMakeTmp'
Makefile:126: recipe for target 'cmTC_b845e/fast' failed
make: *** [cmTC_b845e/fast] Error 2


