Determining if the pthread_create exist failed with the following output:
Change Dir: /home/parallels/Documents/FEUP/ROBO/Assignment_2/build/CMakeFiles/CMakeTmp

Run Build Command:"/usr/bin/make" "cmTC_6a2d3/fast"
/usr/bin/make -f CMakeFiles/cmTC_6a2d3.dir/build.make CMakeFiles/cmTC_6a2d3.dir/build
make[1]: Entering directory '/home/parallels/Documents/FEUP/ROBO/Assignment_2/build/CMakeFiles/CMakeTmp'
Building C object CMakeFiles/cmTC_6a2d3.dir/CheckSymbolExists.c.o
/usr/bin/cc    -o CMakeFiles/cmTC_6a2d3.dir/CheckSymbolExists.c.o   -c /home/parallels/Documents/FEUP/ROBO/Assignment_2/build/CMakeFiles/CMakeTmp/CheckSymbolExists.c
Linking C executable cmTC_6a2d3
/usr/bin/cmake -E cmake_link_script CMakeFiles/cmTC_6a2d3.dir/link.txt --verbose=1
/usr/bin/cc      -rdynamic CMakeFiles/cmTC_6a2d3.dir/CheckSymbolExists.c.o  -o cmTC_6a2d3 
CMakeFiles/cmTC_6a2d3.dir/CheckSymbolExists.c.o: In function `main':
CheckSymbolExists.c:(.text+0x1b): undefined reference to `pthread_create'
collect2: error: ld returned 1 exit status
CMakeFiles/cmTC_6a2d3.dir/build.make:97: recipe for target 'cmTC_6a2d3' failed
make[1]: *** [cmTC_6a2d3] Error 1
make[1]: Leaving directory '/home/parallels/Documents/FEUP/ROBO/Assignment_2/build/CMakeFiles/CMakeTmp'
Makefile:126: recipe for target 'cmTC_6a2d3/fast' failed
make: *** [cmTC_6a2d3/fast] Error 2

File /home/parallels/Documents/FEUP/ROBO/Assignment_2/build/CMakeFiles/CMakeTmp/CheckSymbolExists.c:
/* */
#include <pthread.h>

int main(int argc, char** argv)
{
  (void)argv;
#ifndef pthread_create
  return ((int*)(&pthread_create))[argc];
#else
  (void)argc;
  return 0;
#endif
}

Determining if the function pthread_create exists in the pthreads failed with the following output:
Change Dir: /home/parallels/Documents/FEUP/ROBO/Assignment_2/build/CMakeFiles/CMakeTmp

Run Build Command:"/usr/bin/make" "cmTC_261e8/fast"
/usr/bin/make -f CMakeFiles/cmTC_261e8.dir/build.make CMakeFiles/cmTC_261e8.dir/build
make[1]: Entering directory '/home/parallels/Documents/FEUP/ROBO/Assignment_2/build/CMakeFiles/CMakeTmp'
Building C object CMakeFiles/cmTC_261e8.dir/CheckFunctionExists.c.o
/usr/bin/cc   -DCHECK_FUNCTION_EXISTS=pthread_create   -o CMakeFiles/cmTC_261e8.dir/CheckFunctionExists.c.o   -c /usr/share/cmake-3.10/Modules/CheckFunctionExists.c
Linking C executable cmTC_261e8
/usr/bin/cmake -E cmake_link_script CMakeFiles/cmTC_261e8.dir/link.txt --verbose=1
/usr/bin/cc  -DCHECK_FUNCTION_EXISTS=pthread_create    -rdynamic CMakeFiles/cmTC_261e8.dir/CheckFunctionExists.c.o  -o cmTC_261e8 -lpthreads 
/usr/bin/ld: cannot find -lpthreads
collect2: error: ld returned 1 exit status
CMakeFiles/cmTC_261e8.dir/build.make:97: recipe for target 'cmTC_261e8' failed
make[1]: *** [cmTC_261e8] Error 1
make[1]: Leaving directory '/home/parallels/Documents/FEUP/ROBO/Assignment_2/build/CMakeFiles/CMakeTmp'
Makefile:126: recipe for target 'cmTC_261e8/fast' failed
make: *** [cmTC_261e8/fast] Error 2


Determining if the Q_WS_WIN exist failed with the following output:
Change Dir: /home/parallels/Documents/FEUP/ROBO/Assignment_2/build/CMakeFiles/CMakeTmp

Run Build Command:"/usr/bin/make" "cmTC_a3fd9/fast"
/usr/bin/make -f CMakeFiles/cmTC_a3fd9.dir/build.make CMakeFiles/cmTC_a3fd9.dir/build
make[1]: Entering directory '/home/parallels/Documents/FEUP/ROBO/Assignment_2/build/CMakeFiles/CMakeTmp'
Building CXX object CMakeFiles/cmTC_a3fd9.dir/CheckSymbolExists.cxx.o
/usr/bin/c++   -I/usr/include/qt4   -o CMakeFiles/cmTC_a3fd9.dir/CheckSymbolExists.cxx.o -c /home/parallels/Documents/FEUP/ROBO/Assignment_2/build/CMakeFiles/CMakeTmp/CheckSymbolExists.cxx
/home/parallels/Documents/FEUP/ROBO/Assignment_2/build/CMakeFiles/CMakeTmp/CheckSymbolExists.cxx: In function ‘int main(int, char**)’:
/home/parallels/Documents/FEUP/ROBO/Assignment_2/build/CMakeFiles/CMakeTmp/CheckSymbolExists.cxx:8:19: error: ‘Q_WS_WIN’ was not declared in this scope
   return ((int*)(&Q_WS_WIN))[argc];
                   ^~~~~~~~
/home/parallels/Documents/FEUP/ROBO/Assignment_2/build/CMakeFiles/CMakeTmp/CheckSymbolExists.cxx:8:19: note: suggested alternative: ‘Q_WS_X11’
   return ((int*)(&Q_WS_WIN))[argc];
                   ^~~~~~~~
                   Q_WS_X11
CMakeFiles/cmTC_a3fd9.dir/build.make:65: recipe for target 'CMakeFiles/cmTC_a3fd9.dir/CheckSymbolExists.cxx.o' failed
make[1]: *** [CMakeFiles/cmTC_a3fd9.dir/CheckSymbolExists.cxx.o] Error 1
make[1]: Leaving directory '/home/parallels/Documents/FEUP/ROBO/Assignment_2/build/CMakeFiles/CMakeTmp'
Makefile:126: recipe for target 'cmTC_a3fd9/fast' failed
make: *** [cmTC_a3fd9/fast] Error 2

File /home/parallels/Documents/FEUP/ROBO/Assignment_2/build/CMakeFiles/CMakeTmp/CheckSymbolExists.cxx:
/* */
#include <QtCore/qglobal.h>

int main(int argc, char** argv)
{
  (void)argv;
#ifndef Q_WS_WIN
  return ((int*)(&Q_WS_WIN))[argc];
#else
  (void)argc;
  return 0;
#endif
}

Determining if the Q_WS_QWS exist failed with the following output:
Change Dir: /home/parallels/Documents/FEUP/ROBO/Assignment_2/build/CMakeFiles/CMakeTmp

Run Build Command:"/usr/bin/make" "cmTC_729a8/fast"
/usr/bin/make -f CMakeFiles/cmTC_729a8.dir/build.make CMakeFiles/cmTC_729a8.dir/build
make[1]: Entering directory '/home/parallels/Documents/FEUP/ROBO/Assignment_2/build/CMakeFiles/CMakeTmp'
Building CXX object CMakeFiles/cmTC_729a8.dir/CheckSymbolExists.cxx.o
/usr/bin/c++   -I/usr/include/qt4   -o CMakeFiles/cmTC_729a8.dir/CheckSymbolExists.cxx.o -c /home/parallels/Documents/FEUP/ROBO/Assignment_2/build/CMakeFiles/CMakeTmp/CheckSymbolExists.cxx
/home/parallels/Documents/FEUP/ROBO/Assignment_2/build/CMakeFiles/CMakeTmp/CheckSymbolExists.cxx: In function ‘int main(int, char**)’:
/home/parallels/Documents/FEUP/ROBO/Assignment_2/build/CMakeFiles/CMakeTmp/CheckSymbolExists.cxx:8:19: error: ‘Q_WS_QWS’ was not declared in this scope
   return ((int*)(&Q_WS_QWS))[argc];
                   ^~~~~~~~
/home/parallels/Documents/FEUP/ROBO/Assignment_2/build/CMakeFiles/CMakeTmp/CheckSymbolExists.cxx:8:19: note: suggested alternative: ‘Q_WS_X11’
   return ((int*)(&Q_WS_QWS))[argc];
                   ^~~~~~~~
                   Q_WS_X11
CMakeFiles/cmTC_729a8.dir/build.make:65: recipe for target 'CMakeFiles/cmTC_729a8.dir/CheckSymbolExists.cxx.o' failed
make[1]: *** [CMakeFiles/cmTC_729a8.dir/CheckSymbolExists.cxx.o] Error 1
make[1]: Leaving directory '/home/parallels/Documents/FEUP/ROBO/Assignment_2/build/CMakeFiles/CMakeTmp'
Makefile:126: recipe for target 'cmTC_729a8/fast' failed
make: *** [cmTC_729a8/fast] Error 2

File /home/parallels/Documents/FEUP/ROBO/Assignment_2/build/CMakeFiles/CMakeTmp/CheckSymbolExists.cxx:
/* */
#include <QtCore/qglobal.h>

int main(int argc, char** argv)
{
  (void)argv;
#ifndef Q_WS_QWS
  return ((int*)(&Q_WS_QWS))[argc];
#else
  (void)argc;
  return 0;
#endif
}

Determining if the Q_WS_MAC exist failed with the following output:
Change Dir: /home/parallels/Documents/FEUP/ROBO/Assignment_2/build/CMakeFiles/CMakeTmp

Run Build Command:"/usr/bin/make" "cmTC_97d70/fast"
/usr/bin/make -f CMakeFiles/cmTC_97d70.dir/build.make CMakeFiles/cmTC_97d70.dir/build
make[1]: Entering directory '/home/parallels/Documents/FEUP/ROBO/Assignment_2/build/CMakeFiles/CMakeTmp'
Building CXX object CMakeFiles/cmTC_97d70.dir/CheckSymbolExists.cxx.o
/usr/bin/c++   -I/usr/include/qt4   -o CMakeFiles/cmTC_97d70.dir/CheckSymbolExists.cxx.o -c /home/parallels/Documents/FEUP/ROBO/Assignment_2/build/CMakeFiles/CMakeTmp/CheckSymbolExists.cxx
/home/parallels/Documents/FEUP/ROBO/Assignment_2/build/CMakeFiles/CMakeTmp/CheckSymbolExists.cxx: In function ‘int main(int, char**)’:
/home/parallels/Documents/FEUP/ROBO/Assignment_2/build/CMakeFiles/CMakeTmp/CheckSymbolExists.cxx:8:19: error: ‘Q_WS_MAC’ was not declared in this scope
   return ((int*)(&Q_WS_MAC))[argc];
                   ^~~~~~~~
/home/parallels/Documents/FEUP/ROBO/Assignment_2/build/CMakeFiles/CMakeTmp/CheckSymbolExists.cxx:8:19: note: suggested alternative: ‘Q_WS_X11’
   return ((int*)(&Q_WS_MAC))[argc];
                   ^~~~~~~~
                   Q_WS_X11
CMakeFiles/cmTC_97d70.dir/build.make:65: recipe for target 'CMakeFiles/cmTC_97d70.dir/CheckSymbolExists.cxx.o' failed
make[1]: *** [CMakeFiles/cmTC_97d70.dir/CheckSymbolExists.cxx.o] Error 1
make[1]: Leaving directory '/home/parallels/Documents/FEUP/ROBO/Assignment_2/build/CMakeFiles/CMakeTmp'
Makefile:126: recipe for target 'cmTC_97d70/fast' failed
make: *** [cmTC_97d70/fast] Error 2

File /home/parallels/Documents/FEUP/ROBO/Assignment_2/build/CMakeFiles/CMakeTmp/CheckSymbolExists.cxx:
/* */
#include <QtCore/qglobal.h>

int main(int argc, char** argv)
{
  (void)argv;
#ifndef Q_WS_MAC
  return ((int*)(&Q_WS_MAC))[argc];
#else
  (void)argc;
  return 0;
#endif
}

